<?xml version="1.0" encoding="UTF-8"?>
<testsuite xmlns:xsi="http://www.w3.org/2001/XMLSchema-instance" xsi:noNamespaceSchemaLocation="https://maven.apache.org/surefire/maven-surefire-plugin/xsd/surefire-test-report.xsd" version="3.0.2" name="inventorymanager.app.services.SupplierServiceTest" time="0.027" tests="8" errors="0" skipped="0" failures="0">
  <properties>
[...]
</properties>
  <testcase name="invalidId_checks" classname="SupplierService unit tests" time="0.003"/>
  <testcase name="addSupplier_null_throws" classname="SupplierService unit tests" time="0.001"/>
  <testcase name="updateSupplier_nonExisting_throws" classname="SupplierService unit tests" time="0.003"/>
  <testcase name="removeSupplier_nonExisting" classname="SupplierService unit tests" time="0.002"/>
  <testcase name="addSupplier_duplicate_throws" classname="SupplierService unit tests" time="0.003"/>
  <testcase name="addSupplier_success" classname="SupplierService unit tests" time="0.003"/>
  <testcase name="removeSupplier_existing" classname="SupplierService unit tests" time="0.002"/>
  <testcase name="updateSupplier_success" classname="SupplierService unit tests" time="0.001"/>
</testsuite>